Arguments: 
  /home/nazip/.nvm/versions/node/v8.7.0/bin/node /usr/local/bin/yarn

PATH: 
  /home/nazip/.rvm/gems/ruby-2.3.1/bin:/home/nazip/.rvm/gems/ruby-2.3.1@global/bin:/home/nazip/.rvm/rubies/ruby-2.3.1/bin:/home/nazip/.nvm/versions/node/v8.7.0/bin:/usr/local/sbin:/usr/local/bin:/usr/sbin:/usr/bin:/sbin:/bin:/usr/games:/usr/local/games:/snap/bin:/usr/lib/jvm/java-8-oracle/bin:/usr/lib/jvm/java-8-oracle/db/bin:/usr/lib/jvm/java-8-oracle/jre/bin:/home/nazip/.rvm/bin:/home/nazip/.rvm/bin:/home/nazip/Android/Sdk/tools:/home/nazip/Android/Sdk/platform-tools:/snap/bin:/usr/lib/jvm/java-8-oracle/bin:/usr/lib/jvm/java-8-oracle/db/bin:/usr/lib/jvm/java-8-oracle/jre/bin:/home/nazip/.rvm/bin:/home/nazip/.rvm/bin:/home/nazip/.rvm/bin:/home/nazip/Android/Sdk/tools:/home/nazip/Android/Sdk/platform-tools:/home/nazip/java/jre/bin

Yarn version: 
  0.27.5

Node version: 
  8.7.0

Platform: 
  linux x64

npm manifest: 
  {
    "name": "softwareShop",
    "version": "1.0.0",
    "description": "",
    "main": "index.js",
    "scripts": {
      "start-dev": "webpack-dev-server --env development",
      "build-dev": "webpack --env development",
      "storybook": "start-storybook -s src/components/static -p 6006",
      "export-storybook": "build-storybook -s src/components/static -c .storybook -o .out"
    },
    "keywords": [],
    "author": "",
    "license": "ISC",
    "devDependencies": {
      "@storybook/addon-actions": "^3.2.13",
      "@storybook/addon-info": "^3.2.13",
      "@storybook/addon-knobs": "^3.2.13",
      "@storybook/addon-links": "^3.2.13",
      "@storybook/addon-storyshots": "^3.2.13",
      "@storybook/react": "^3.2.13",
      "babel": "^6.23.0",
      "babel-cli": "^6.26.0",
      "babel-jest": "^21.2.0",
      "babel-loader": "^7.1.2",
      "babel-plugin-transform-object-rest-spread": "^6.26.0",
      "babel-preset-env": "^1.6.1",
      "babel-preset-react": "^6.24.1",
      "css-loader": "^0.28.7",
      "enzyme": "^3.1.0",
      "enzyme-adapter-react-16": "^1.0.2",
      "eslint": "^4.9.0",
      "eslint-plugin-destructuring": "^2.1.0",
      "eslint-plugin-import": "^2.8.0",
      "eslint-plugin-react": "^7.4.0",
      "file-loader": "^1.1.5",
      "image-webpack-loader": "^3.4.2",
      "jest": "^21.2.1",
      "node-sass": "^4.5.3",
      "react-test-renderer": "^16.0.0",
      "sass-loader": "^6.0.6",
      "style-loader": "^0.18.2",
      "webpack": "^3.8.1",
      "webpack-dev-server": "^2.9.3"
    },
    "dependencies": {
      "lodash": "^4.17.4",
      "moment": "^2.19.1",
      "react": "^16.0.0",
      "react-dom": "^16.0.0",
    }
  }

yarn manifest: 
  No manifest

Lockfile: 
  No lockfile

Trace: 
  SyntaxError: /home/nazip/prj/react/softwareShop/package.json: Unexpected token } in JSON at position 1581
      at JSON.parse (<anonymous>)
      at /usr/local/lib/node_modules/yarn/lib/util/fs.js:554:57
      at Generator.next (<anonymous>)
      at step (/usr/local/lib/node_modules/yarn/node_modules/babel-runtime/helpers/asyncToGenerator.js:17:30)
      at /usr/local/lib/node_modules/yarn/node_modules/babel-runtime/helpers/asyncToGenerator.js:28:13
      at <anonymous>
